[+] Containers:
 |- [+] Container: /Game/mihoyogame_demo
 |   |- [+] ActorDescs:
 |   |   |- Guid:05869098404C95C2A885F791EE1FE2FF BaseClass: NativeClass:/Script/Engine.PlayerStart Name:PlayerStart_0 Label:PlayerStart SpatiallyLoaded:0 Bounds:IsValid=true, Min=(X=280.000 Y=1760.000 Z=100.013), Max=(X=360.000 Y=1840.000 Z=284.013) RuntimeGrid:None EditorOnly:0 RuntimeOnly:0 HLODRelevant:0 ListedInSceneOutliner:1 IsMainWorldOnly:0
 |   |   |- Guid:2086AB3847E1D1A3B8D72C8F55154707 BaseClass: NativeClass:/Script/Engine.SkyAtmosphere Name:SkyAtmosphere_0 Label:SkyAtmosphere SpatiallyLoaded:0 Bounds:IsValid=true, Min=(X=0.000 Y=0.000 Z=1020.000), Max=(X=0.000 Y=0.000 Z=1020.000) RuntimeGrid:None EditorOnly:0 RuntimeOnly:0 HLODRelevant:0 ListedInSceneOutliner:1 IsMainWorldOnly:0 FolderPath:Lighting FolderGuid:963EC3EB4002CCE9759E2EBA541A873A
 |   |   |- Guid:282F7B6B4479F0B190E07FA740FA5E19 BaseClass: NativeClass:/Script/Engine.SkyLight Name:SkyLight_1 Label:SkyLight SpatiallyLoaded:0 Bounds:IsValid=true, Min=(X=0.000 Y=0.000 Z=1880.000), Max=(X=0.000 Y=0.000 Z=1880.000) RuntimeGrid:None EditorOnly:0 RuntimeOnly:0 HLODRelevant:0 ListedInSceneOutliner:1 IsMainWorldOnly:0 FolderPath:Lighting FolderGuid:963EC3EB4002CCE9759E2EBA541A873A
 |   |   |- Guid:47ECF7D7445E8B6C7653779E1484E108 BaseClass: NativeClass:/Script/Engine.ExponentialHeightFog Name:ExponentialHeightFog_0 Label:ExponentialHeightFog SpatiallyLoaded:0 Bounds:IsValid=true, Min=(X=-5600.000 Y=-50.000 Z=-6850.000), Max=(X=-5600.000 Y=-50.000 Z=-6850.000) RuntimeGrid:None EditorOnly:0 RuntimeOnly:0 HLODRelevant:0 ListedInSceneOutliner:1 IsMainWorldOnly:0 FolderPath:Lighting FolderGuid:963EC3EB4002CCE9759E2EBA541A873A
 |   |   |- Guid:5A85954A40F50E7895471B95299D5DD1 BaseClass: NativeClass:/Script/Engine.WorldDataLayers Name:WorldDataLayers Label:WorldDataLayers SpatiallyLoaded:0 Bounds:Invalid RuntimeGrid:None EditorOnly:0 RuntimeOnly:0 HLODRelevant:0 ListedInSceneOutliner:1 IsMainWorldOnly:1
 |   |   |- Guid:69B7D3A34189D7874692C194AE058732 BaseClass: NativeClass:/Script/Engine.DirectionalLight Name:DirectionalLight_0 Label:DirectionalLight SpatiallyLoaded:0 Bounds:Invalid RuntimeGrid:None EditorOnly:0 RuntimeOnly:0 HLODRelevant:0 ListedInSceneOutliner:1 IsMainWorldOnly:0 FolderPath:Lighting FolderGuid:963EC3EB4002CCE9759E2EBA541A873A
 |   |   |- Guid:C19D263F4915EA420B302F9EB4BE1847 BaseClass: NativeClass:/Script/Engine.StaticMeshActor Name:StaticMeshActor_UAID_0C9D9218A95E031902_1247247424 Label:emptybox SpatiallyLoaded:1 Bounds:IsValid=true, Min=(X=416.141 Y=-4147.101 Z=1880.758), Max=(X=6717.441 Y=3931.166 Z=6736.821) RuntimeGrid:None EditorOnly:0 RuntimeOnly:0 HLODRelevant:1 ListedInSceneOutliner:1 IsMainWorldOnly:0
 |   |   |- Guid:C33288644B1C7262947AC198C9E01193 BaseClass: NativeClass:/Script/Engine.StaticMeshActor Name:StaticMeshActor_UAID_A4AE111137DC5EFB00_1110535423 Label:SM_SkySphere SpatiallyLoaded:0 Bounds:IsValid=true, Min=(X=-1643291.208 Y=-1638400.000 Z=-1638400.000), Max=(X=1633508.792 Y=1638400.000 Z=1638400.000) RuntimeGrid:None EditorOnly:0 RuntimeOnly:0 HLODRelevant:0 ListedInSceneOutliner:1 IsMainWorldOnly:0 FolderPath:Lighting FolderGuid:963EC3EB4002CCE9759E2EBA541A873A
 |   |   |- Guid:D9EC99644E8EB2B663FD0D860AF268EE BaseClass: NativeClass:/Script/Engine.PostProcessVolume Name:PostProcessVolume_0 Label:PostProcessVolume SpatiallyLoaded:0 Bounds:IsValid=true, Min=(X=0.000 Y=0.000 Z=400.000), Max=(X=200.000 Y=200.000 Z=600.000) RuntimeGrid:None EditorOnly:0 RuntimeOnly:0 HLODRelevant:0 ListedInSceneOutliner:1 IsMainWorldOnly:0 FolderPath:Lighting FolderGuid:963EC3EB4002CCE9759E2EBA541A873A
 |   |   |- Guid:FFD2DB724ABA07FEDC089C885CF3857F BaseClass: NativeClass:/Script/Engine.VolumetricCloud Name:VolumetricCloud_0 Label:VolumetricCloud SpatiallyLoaded:0 Bounds:IsValid=true, Min=(X=0.000 Y=0.000 Z=820.000), Max=(X=0.000 Y=0.000 Z=820.000) RuntimeGrid:None EditorOnly:0 RuntimeOnly:0 HLODRelevant:0 ListedInSceneOutliner:1 IsMainWorldOnly:0 FolderPath:Lighting FolderGuid:963EC3EB4002CCE9759E2EBA541A873A
 |   |- [+] Clusters:
 |   |   |- [+] [  0]
 |   |   |   |- Guid:05869098404C95C2A885F791EE1FE2FF BaseClass: NativeClass:/Script/Engine.PlayerStart Name:PlayerStart_0 Label:PlayerStart SpatiallyLoaded:0 Bounds:IsValid=true, Min=(X=280.000 Y=1760.000 Z=100.013), Max=(X=360.000 Y=1840.000 Z=284.013) RuntimeGrid:None EditorOnly:0 RuntimeOnly:0 HLODRelevant:0 ListedInSceneOutliner:1 IsMainWorldOnly:0
 |   |   |- [+] [  1]
 |   |   |   |- Guid:2086AB3847E1D1A3B8D72C8F55154707 BaseClass: NativeClass:/Script/Engine.SkyAtmosphere Name:SkyAtmosphere_0 Label:SkyAtmosphere SpatiallyLoaded:0 Bounds:IsValid=true, Min=(X=0.000 Y=0.000 Z=1020.000), Max=(X=0.000 Y=0.000 Z=1020.000) RuntimeGrid:None EditorOnly:0 RuntimeOnly:0 HLODRelevant:0 ListedInSceneOutliner:1 IsMainWorldOnly:0 FolderPath:Lighting FolderGuid:963EC3EB4002CCE9759E2EBA541A873A
 |   |   |- [+] [  2]
 |   |   |   |- Guid:282F7B6B4479F0B190E07FA740FA5E19 BaseClass: NativeClass:/Script/Engine.SkyLight Name:SkyLight_1 Label:SkyLight SpatiallyLoaded:0 Bounds:IsValid=true, Min=(X=0.000 Y=0.000 Z=1880.000), Max=(X=0.000 Y=0.000 Z=1880.000) RuntimeGrid:None EditorOnly:0 RuntimeOnly:0 HLODRelevant:0 ListedInSceneOutliner:1 IsMainWorldOnly:0 FolderPath:Lighting FolderGuid:963EC3EB4002CCE9759E2EBA541A873A
 |   |   |- [+] [  3]
 |   |   |   |- Guid:47ECF7D7445E8B6C7653779E1484E108 BaseClass: NativeClass:/Script/Engine.ExponentialHeightFog Name:ExponentialHeightFog_0 Label:ExponentialHeightFog SpatiallyLoaded:0 Bounds:IsValid=true, Min=(X=-5600.000 Y=-50.000 Z=-6850.000), Max=(X=-5600.000 Y=-50.000 Z=-6850.000) RuntimeGrid:None EditorOnly:0 RuntimeOnly:0 HLODRelevant:0 ListedInSceneOutliner:1 IsMainWorldOnly:0 FolderPath:Lighting FolderGuid:963EC3EB4002CCE9759E2EBA541A873A
 |   |   |- [+] [  4]
 |   |   |   |- Guid:5A85954A40F50E7895471B95299D5DD1 BaseClass: NativeClass:/Script/Engine.WorldDataLayers Name:WorldDataLayers Label:WorldDataLayers SpatiallyLoaded:0 Bounds:Invalid RuntimeGrid:None EditorOnly:0 RuntimeOnly:0 HLODRelevant:0 ListedInSceneOutliner:1 IsMainWorldOnly:1
 |   |   |- [+] [  5]
 |   |   |   |- Guid:69B7D3A34189D7874692C194AE058732 BaseClass: NativeClass:/Script/Engine.DirectionalLight Name:DirectionalLight_0 Label:DirectionalLight SpatiallyLoaded:0 Bounds:Invalid RuntimeGrid:None EditorOnly:0 RuntimeOnly:0 HLODRelevant:0 ListedInSceneOutliner:1 IsMainWorldOnly:0 FolderPath:Lighting FolderGuid:963EC3EB4002CCE9759E2EBA541A873A
 |   |   |- [+] [  6]
 |   |   |   |- Guid:C19D263F4915EA420B302F9EB4BE1847 BaseClass: NativeClass:/Script/Engine.StaticMeshActor Name:StaticMeshActor_UAID_0C9D9218A95E031902_1247247424 Label:emptybox SpatiallyLoaded:1 Bounds:IsValid=true, Min=(X=416.141 Y=-4147.101 Z=1880.758), Max=(X=6717.441 Y=3931.166 Z=6736.821) RuntimeGrid:None EditorOnly:0 RuntimeOnly:0 HLODRelevant:1 ListedInSceneOutliner:1 IsMainWorldOnly:0
 |   |   |- [+] [  7]
 |   |   |   |- Guid:C33288644B1C7262947AC198C9E01193 BaseClass: NativeClass:/Script/Engine.StaticMeshActor Name:StaticMeshActor_UAID_A4AE111137DC5EFB00_1110535423 Label:SM_SkySphere SpatiallyLoaded:0 Bounds:IsValid=true, Min=(X=-1643291.208 Y=-1638400.000 Z=-1638400.000), Max=(X=1633508.792 Y=1638400.000 Z=1638400.000) RuntimeGrid:None EditorOnly:0 RuntimeOnly:0 HLODRelevant:0 ListedInSceneOutliner:1 IsMainWorldOnly:0 FolderPath:Lighting FolderGuid:963EC3EB4002CCE9759E2EBA541A873A
 |   |   |- [+] [  8]
 |   |   |   |- Guid:D9EC99644E8EB2B663FD0D860AF268EE BaseClass: NativeClass:/Script/Engine.PostProcessVolume Name:PostProcessVolume_0 Label:PostProcessVolume SpatiallyLoaded:0 Bounds:IsValid=true, Min=(X=0.000 Y=0.000 Z=400.000), Max=(X=200.000 Y=200.000 Z=600.000) RuntimeGrid:None EditorOnly:0 RuntimeOnly:0 HLODRelevant:0 ListedInSceneOutliner:1 IsMainWorldOnly:0 FolderPath:Lighting FolderGuid:963EC3EB4002CCE9759E2EBA541A873A
 |   |   |- [+] [  9]
 |   |   |   |- Guid:FFD2DB724ABA07FEDC089C885CF3857F BaseClass: NativeClass:/Script/Engine.VolumetricCloud Name:VolumetricCloud_0 Label:VolumetricCloud SpatiallyLoaded:0 Bounds:IsValid=true, Min=(X=0.000 Y=0.000 Z=820.000), Max=(X=0.000 Y=0.000 Z=820.000) RuntimeGrid:None EditorOnly:0 RuntimeOnly:0 HLODRelevant:0 ListedInSceneOutliner:1 IsMainWorldOnly:0 FolderPath:Lighting FolderGuid:963EC3EB4002CCE9759E2EBA541A873A
 |- ContainerInstances:
 |- [+] MainContainer:
 |   |-        ID: 00000000000000000000000000000000
 |   |-  ParentID: 00000000000000000000000000000000
 |   |-    Bounds: IsValid=false, Min=(X=0.000 Y=0.000 Z=0.000), Max=(X=0.000 Y=0.000 Z=0.000)
 |   |- Transform: 0.000000,0.000000,0.000000|0.000000,0.000000,-0.000000|1.000000,1.000000,1.000000
 |   |- Container: /Game/mihoyogame_demo
----------------------------------------------------------------------------------------------------------------
mihoyogame_demo - Persistent Level
----------------------------------------------------------------------------------------------------------------
[+] Content of mihoyogame_demo Persistent Level
 |- Always loaded Actor Count: 10 
 |- Actor Path: /Game/mihoyogame_demo.mihoyogame_demo:PersistentLevel.DirectionalLight_0
 |- Actor Package: /Game/__ExternalActors__/mihoyogame_demo/8/O0/763FR7JKWDZBQ0SNNVMUPB
 |- Actor Path: /Game/mihoyogame_demo.mihoyogame_demo:PersistentLevel.ExponentialHeightFog_0
 |- Actor Package: /Game/__ExternalActors__/mihoyogame_demo/0/M6/2EJX93828KQKWEOSMRABZZ
 |- Actor Path: /Game/mihoyogame_demo.mihoyogame_demo:PersistentLevel.PlayerStart_0
 |- Actor Package: /Game/__ExternalActors__/mihoyogame_demo/A/XD/1Q1RSLEWHA881JEVJC0WU1
 |- Actor Path: /Game/mihoyogame_demo.mihoyogame_demo:PersistentLevel.PostProcessVolume_0
 |- Actor Package: /Game/__ExternalActors__/mihoyogame_demo/6/CU/WKON5E54MWBYCSS2V0TDJG
 |- Actor Path: /Game/mihoyogame_demo.mihoyogame_demo:PersistentLevel.SkyAtmosphere_0
 |- Actor Package: /Game/__ExternalActors__/mihoyogame_demo/1/NG/06CNQ7APUVN9D7D2NFQ320
 |- Actor Path: /Game/mihoyogame_demo.mihoyogame_demo:PersistentLevel.SkyLight_1
 |- Actor Package: /Game/__ExternalActors__/mihoyogame_demo/A/21/3DMCHNFP8Y5116K7VR5Y56
 |- Actor Path: /Game/mihoyogame_demo.mihoyogame_demo:PersistentLevel.StaticMeshActor_UAID_0C9D9218A95E031902_1247247424
 |- Actor Package: /Game/__ExternalActors__/mihoyogame_demo/5/WS/M81AJ2J5PU2G8G4D0IV2JB
 |- Actor Path: /Game/mihoyogame_demo.mihoyogame_demo:PersistentLevel.StaticMeshActor_UAID_A4AE111137DC5EFB00_1110535423
 |- Actor Package: /Game/__ExternalActors__/mihoyogame_demo/3/CJ/GSHWVD3W7D99YKYBB1V4BS
 |- Actor Path: /Game/mihoyogame_demo.mihoyogame_demo:PersistentLevel.VolumetricCloud_0
 |- Actor Package: /Game/__ExternalActors__/mihoyogame_demo/E/7Q/7O977JM5RTZEL8GR1PYEYY
 |- Actor Path: /Game/mihoyogame_demo.mihoyogame_demo:PersistentLevel.WorldDataLayers
 |- Actor Package: /Game/__ExternalActors__/mihoyogame_demo/E/17/OVHFU3CETX9A93GGK9VQV7

----------------------------------------------------------------------------------------------------------------
mihoyogame_demo - Runtime Hash Set
----------------------------------------------------------------------------------------------------------------

