[+] Containers:
 |- [+] Container: /Game/mihoyogame_demo
 |   |- [+] ActorDescs:
 |   |   |- Guid:05869098404C95C2A885F791EE1FE2FF BaseClass: NativeClass:/Script/Engine.PlayerStart Name:PlayerStart_0 Label:PlayerStart SpatiallyLoaded:0 Bounds:IsValid=true, Min=(X=280.000 Y=1760.000 Z=100.013), Max=(X=360.000 Y=1840.000 Z=284.013) RuntimeGrid:None EditorOnly:0 RuntimeOnly:0 HLODRelevant:0 ListedInSceneOutliner:1 IsMainWorldOnly:0
 |   |   |- Guid:0661BE704EBAD689F681B78F3C4A2E31 BaseClass: NativeClass:/Script/Engine.StaticMeshActor Name:StaticMeshActor_UAID_0C9D9218A95E031902_1572100437 Label:Cube13 SpatiallyLoaded:1 Bounds:IsValid=true, Min=(X=3062.500 Y=-3790.000 Z=2505.000), Max=(X=3937.500 Y=-3690.000 Z=2555.000) RuntimeGrid:None EditorOnly:0 RuntimeOnly:0 HLODRelevant:0 ListedInSceneOutliner:1 IsMainWorldOnly:0 Parent:C19D263F4915EA420B302F9EB4BE1847
 |   |   |- Guid:09A0E4D041854F8419E6C19FB3DA9247 BaseClass: NativeClass:/Script/Engine.StaticMeshActor Name:StaticMeshActor_UAID_0C9D9218A95E031902_1663653442 Label:Cube16 SpatiallyLoaded:1 Bounds:IsValid=true, Min=(X=3062.500 Y=-3790.000 Z=2545.000), Max=(X=3937.500 Y=-3690.000 Z=2595.000) RuntimeGrid:None EditorOnly:0 RuntimeOnly:0 HLODRelevant:0 ListedInSceneOutliner:1 IsMainWorldOnly:0 Parent:C19D263F4915EA420B302F9EB4BE1847
 |   |   |- Guid:2086AB3847E1D1A3B8D72C8F55154707 BaseClass: NativeClass:/Script/Engine.SkyAtmosphere Name:SkyAtmosphere_0 Label:SkyAtmosphere SpatiallyLoaded:0 Bounds:IsValid=true, Min=(X=0.000 Y=0.000 Z=1020.000), Max=(X=0.000 Y=0.000 Z=1020.000) RuntimeGrid:None EditorOnly:0 RuntimeOnly:0 HLODRelevant:0 ListedInSceneOutliner:1 IsMainWorldOnly:0 FolderPath:Lighting FolderGuid:963EC3EB4002CCE9759E2EBA541A873A
 |   |   |- Guid:282F7B6B4479F0B190E07FA740FA5E19 BaseClass: NativeClass:/Script/Engine.SkyLight Name:SkyLight_1 Label:SkyLight SpatiallyLoaded:0 Bounds:IsValid=true, Min=(X=0.000 Y=0.000 Z=1880.000), Max=(X=0.000 Y=0.000 Z=1880.000) RuntimeGrid:None EditorOnly:0 RuntimeOnly:0 HLODRelevant:0 ListedInSceneOutliner:1 IsMainWorldOnly:0 FolderPath:Lighting FolderGuid:963EC3EB4002CCE9759E2EBA541A873A
 |   |   |- Guid:42A0F0E44254889B18D49FBFF53BDDFA BaseClass: NativeClass:/Script/Engine.StaticMeshActor Name:StaticMeshActor_UAID_0C9D9218A95E031902_1548098429 Label:Cube5 SpatiallyLoaded:1 Bounds:IsValid=true, Min=(X=3062.500 Y=-3690.000 Z=2465.000), Max=(X=3937.500 Y=-3590.000 Z=2515.000) RuntimeGrid:None EditorOnly:0 RuntimeOnly:0 HLODRelevant:0 ListedInSceneOutliner:1 IsMainWorldOnly:0 Parent:C19D263F4915EA420B302F9EB4BE1847
 |   |   |- Guid:447AC4D643D9D3DB8AE41398A3C54801 BaseClass: NativeClass:/Script/Engine.StaticMeshActor Name:StaticMeshActor_UAID_0C9D9218A95E031902_1572098436 Label:Cube12 SpatiallyLoaded:1 Bounds:IsValid=true, Min=(X=3062.500 Y=-3690.000 Z=2505.000), Max=(X=3937.500 Y=-3590.000 Z=2555.000) RuntimeGrid:None EditorOnly:0 RuntimeOnly:0 HLODRelevant:0 ListedInSceneOutliner:1 IsMainWorldOnly:0 Parent:C19D263F4915EA420B302F9EB4BE1847
 |   |   |- Guid:47ECF7D7445E8B6C7653779E1484E108 BaseClass: NativeClass:/Script/Engine.ExponentialHeightFog Name:ExponentialHeightFog_0 Label:ExponentialHeightFog SpatiallyLoaded:0 Bounds:IsValid=true, Min=(X=-5600.000 Y=-50.000 Z=-6850.000), Max=(X=-5600.000 Y=-50.000 Z=-6850.000) RuntimeGrid:None EditorOnly:0 RuntimeOnly:0 HLODRelevant:0 ListedInSceneOutliner:1 IsMainWorldOnly:0 FolderPath:Lighting FolderGuid:963EC3EB4002CCE9759E2EBA541A873A
 |   |   |- Guid:5A85954A40F50E7895471B95299D5DD1 BaseClass: NativeClass:/Script/Engine.WorldDataLayers Name:WorldDataLayers Label:WorldDataLayers SpatiallyLoaded:0 Bounds:Invalid RuntimeGrid:None EditorOnly:0 RuntimeOnly:0 HLODRelevant:0 ListedInSceneOutliner:1 IsMainWorldOnly:1
 |   |   |- Guid:648A3CA74873BFF7CE23CDB7B8A6AB24 BaseClass: NativeClass:/Script/Engine.StaticMeshActor Name:StaticMeshActor_UAID_0C9D9218A95E031902_1518733426 Label:Cube2 SpatiallyLoaded:1 Bounds:IsValid=true, Min=(X=3062.500 Y=-3390.000 Z=2465.000), Max=(X=3937.500 Y=-3290.000 Z=2515.000) RuntimeGrid:None EditorOnly:0 RuntimeOnly:0 HLODRelevant:0 ListedInSceneOutliner:1 IsMainWorldOnly:0 Parent:C19D263F4915EA420B302F9EB4BE1847
 |   |   |- Guid:69B7D3A34189D7874692C194AE058732 BaseClass: NativeClass:/Script/Engine.DirectionalLight Name:DirectionalLight_0 Label:DirectionalLight SpatiallyLoaded:0 Bounds:Invalid RuntimeGrid:None EditorOnly:0 RuntimeOnly:0 HLODRelevant:0 ListedInSceneOutliner:1 IsMainWorldOnly:0 FolderPath:Lighting FolderGuid:963EC3EB4002CCE9759E2EBA541A873A
 |   |   |- Guid:869B1A374968CC2679C9408EF59B837E BaseClass: NativeClass:/Script/Engine.StaticMeshActor Name:StaticMeshActor_UAID_0C9D9218A95E031902_1542004427 Label:Cube3 SpatiallyLoaded:1 Bounds:IsValid=true, Min=(X=3062.500 Y=-3490.000 Z=2465.000), Max=(X=3937.500 Y=-3390.000 Z=2515.000) RuntimeGrid:None EditorOnly:0 RuntimeOnly:0 HLODRelevant:0 ListedInSceneOutliner:1 IsMainWorldOnly:0 Parent:C19D263F4915EA420B302F9EB4BE1847
 |   |   |- Guid:8892FC1B4919AD213A9628A757F7FCBB BaseClass: NativeClass:/Script/Engine.StaticMeshActor Name:StaticMeshActor_UAID_0C9D9218A95E031902_1567456433 Label:Cube9 SpatiallyLoaded:1 Bounds:IsValid=true, Min=(X=3062.500 Y=-3690.000 Z=2485.000), Max=(X=3937.500 Y=-3590.000 Z=2535.000) RuntimeGrid:None EditorOnly:0 RuntimeOnly:0 HLODRelevant:0 ListedInSceneOutliner:1 IsMainWorldOnly:0 Parent:C19D263F4915EA420B302F9EB4BE1847
 |   |   |- Guid:AA856A37459F1E49AB48D98EA0C61049 BaseClass: NativeClass:/Script/Engine.StaticMeshActor Name:StaticMeshActor_UAID_0C9D9218A95E031902_1436182425 Label:Cube SpatiallyLoaded:1 Bounds:IsValid=true, Min=(X=3082.500 Y=-3852.500 Z=2390.000), Max=(X=3957.500 Y=3372.500 Z=2490.000) RuntimeGrid:None EditorOnly:0 RuntimeOnly:0 HLODRelevant:1 ListedInSceneOutliner:1 IsMainWorldOnly:0
 |   |   |- Guid:C19D263F4915EA420B302F9EB4BE1847 BaseClass: NativeClass:/Script/Engine.StaticMeshActor Name:StaticMeshActor_UAID_0C9D9218A95E031902_1247247424 Label:emptybox SpatiallyLoaded:1 Bounds:IsValid=true, Min=(X=416.141 Y=-4147.101 Z=1880.758), Max=(X=6717.441 Y=3931.166 Z=6736.821) RuntimeGrid:None EditorOnly:0 RuntimeOnly:0 HLODRelevant:0 ListedInSceneOutliner:1 IsMainWorldOnly:0
 |   |   |- Guid:C33288644B1C7262947AC198C9E01193 BaseClass: NativeClass:/Script/Engine.StaticMeshActor Name:StaticMeshActor_UAID_A4AE111137DC5EFB00_1110535423 Label:SM_SkySphere SpatiallyLoaded:0 Bounds:IsValid=true, Min=(X=-1643291.208 Y=-1638400.000 Z=-1638400.000), Max=(X=1633508.792 Y=1638400.000 Z=1638400.000) RuntimeGrid:None EditorOnly:0 RuntimeOnly:0 HLODRelevant:0 ListedInSceneOutliner:1 IsMainWorldOnly:0 FolderPath:Lighting FolderGuid:963EC3EB4002CCE9759E2EBA541A873A
 |   |   |- Guid:CF88EDA7402F8E3F217335AA7996D7FA BaseClass: NativeClass:/Script/Engine.StaticMeshActor Name:StaticMeshActor_UAID_0C9D9218A95E031902_1549662430 Label:Cube6 SpatiallyLoaded:1 Bounds:IsValid=true, Min=(X=3062.500 Y=-3790.000 Z=2465.000), Max=(X=3937.500 Y=-3690.000 Z=2515.000) RuntimeGrid:None EditorOnly:0 RuntimeOnly:0 HLODRelevant:0 ListedInSceneOutliner:1 IsMainWorldOnly:0 Parent:C19D263F4915EA420B302F9EB4BE1847
 |   |   |- Guid:D0CFDE7A48AAC980BF92AD9AFADD6BDF BaseClass: NativeClass:/Script/Engine.StaticMeshActor Name:StaticMeshActor_UAID_0C9D9218A95E031902_1567457434 Label:Cube10 SpatiallyLoaded:1 Bounds:IsValid=true, Min=(X=3062.500 Y=-3790.000 Z=2485.000), Max=(X=3937.500 Y=-3690.000 Z=2535.000) RuntimeGrid:None EditorOnly:0 RuntimeOnly:0 HLODRelevant:0 ListedInSceneOutliner:1 IsMainWorldOnly:0 Parent:C19D263F4915EA420B302F9EB4BE1847
 |   |   |- Guid:D96BDF1149834D917F176E96B79403A8 BaseClass: NativeClass:/Script/Engine.StaticMeshActor Name:StaticMeshActor_UAID_0C9D9218A95E031902_1545984428 Label:Cube4 SpatiallyLoaded:1 Bounds:IsValid=true, Min=(X=3062.500 Y=-3590.000 Z=2465.000), Max=(X=3937.500 Y=-3490.000 Z=2515.000) RuntimeGrid:None EditorOnly:0 RuntimeOnly:0 HLODRelevant:0 ListedInSceneOutliner:1 IsMainWorldOnly:0 Parent:C19D263F4915EA420B302F9EB4BE1847
 |   |   |- Guid:D9EC99644E8EB2B663FD0D860AF268EE BaseClass: NativeClass:/Script/Engine.PostProcessVolume Name:PostProcessVolume_0 Label:PostProcessVolume SpatiallyLoaded:0 Bounds:IsValid=true, Min=(X=0.000 Y=0.000 Z=400.000), Max=(X=200.000 Y=200.000 Z=600.000) RuntimeGrid:None EditorOnly:0 RuntimeOnly:0 HLODRelevant:0 ListedInSceneOutliner:1 IsMainWorldOnly:0 FolderPath:Lighting FolderGuid:963EC3EB4002CCE9759E2EBA541A873A
 |   |   |- Guid:DEF34DE14021ADA1B66365A32ACC7FB4 BaseClass: NativeClass:/Script/Engine.StaticMeshActor Name:StaticMeshActor_UAID_0C9D9218A95E031902_1567451431 Label:Cube7 SpatiallyLoaded:1 Bounds:IsValid=true, Min=(X=3062.500 Y=-3490.000 Z=2485.000), Max=(X=3937.500 Y=-3390.000 Z=2535.000) RuntimeGrid:None EditorOnly:0 RuntimeOnly:0 HLODRelevant:0 ListedInSceneOutliner:1 IsMainWorldOnly:0 Parent:C19D263F4915EA420B302F9EB4BE1847
 |   |   |- Guid:EB105AD84E5784D6E5A1918C72A3898D BaseClass: NativeClass:/Script/Engine.StaticMeshActor Name:StaticMeshActor_UAID_0C9D9218A95E031902_1572094435 Label:Cube11 SpatiallyLoaded:1 Bounds:IsValid=true, Min=(X=3062.500 Y=-3590.000 Z=2505.000), Max=(X=3937.500 Y=-3490.000 Z=2555.000) RuntimeGrid:None EditorOnly:0 RuntimeOnly:0 HLODRelevant:0 ListedInSceneOutliner:1 IsMainWorldOnly:0 Parent:C19D263F4915EA420B302F9EB4BE1847
 |   |   |- Guid:EEBA09F54C1849D5613BF4AA0C52627B BaseClass: NativeClass:/Script/Engine.StaticMeshActor Name:StaticMeshActor_UAID_0C9D9218A95E031902_1580651440 Label:Cube15 SpatiallyLoaded:1 Bounds:IsValid=true, Min=(X=3062.500 Y=-3790.000 Z=2525.000), Max=(X=3937.500 Y=-3690.000 Z=2575.000) RuntimeGrid:None EditorOnly:0 RuntimeOnly:0 HLODRelevant:0 ListedInSceneOutliner:1 IsMainWorldOnly:0 Parent:C19D263F4915EA420B302F9EB4BE1847
 |   |   |- Guid:FAD609F2401E2C503BB4BB8C8CC5610B BaseClass: NativeClass:/Script/Engine.StaticMeshActor Name:StaticMeshActor_UAID_0C9D9218A95E031902_1580649439 Label:Cube14 SpatiallyLoaded:1 Bounds:IsValid=true, Min=(X=3062.500 Y=-3690.000 Z=2525.000), Max=(X=3937.500 Y=-3590.000 Z=2575.000) RuntimeGrid:None EditorOnly:0 RuntimeOnly:0 HLODRelevant:0 ListedInSceneOutliner:1 IsMainWorldOnly:0 Parent:C19D263F4915EA420B302F9EB4BE1847
 |   |   |- Guid:FC87BB7E473CBA2AE45B9E81C4E75410 BaseClass: NativeClass:/Script/Engine.StaticMeshActor Name:StaticMeshActor_UAID_0C9D9218A95E031902_1567454432 Label:Cube8 SpatiallyLoaded:1 Bounds:IsValid=true, Min=(X=3062.500 Y=-3590.000 Z=2485.000), Max=(X=3937.500 Y=-3490.000 Z=2535.000) RuntimeGrid:None EditorOnly:0 RuntimeOnly:0 HLODRelevant:0 ListedInSceneOutliner:1 IsMainWorldOnly:0 Parent:C19D263F4915EA420B302F9EB4BE1847
 |   |   |- Guid:FFD2DB724ABA07FEDC089C885CF3857F BaseClass: NativeClass:/Script/Engine.VolumetricCloud Name:VolumetricCloud_0 Label:VolumetricCloud SpatiallyLoaded:0 Bounds:IsValid=true, Min=(X=0.000 Y=0.000 Z=820.000), Max=(X=0.000 Y=0.000 Z=820.000) RuntimeGrid:None EditorOnly:0 RuntimeOnly:0 HLODRelevant:0 ListedInSceneOutliner:1 IsMainWorldOnly:0 FolderPath:Lighting FolderGuid:963EC3EB4002CCE9759E2EBA541A873A
 |   |- [+] Clusters:
 |   |   |- [+] [  0]
 |   |   |   |- Guid:05869098404C95C2A885F791EE1FE2FF BaseClass: NativeClass:/Script/Engine.PlayerStart Name:PlayerStart_0 Label:PlayerStart SpatiallyLoaded:0 Bounds:IsValid=true, Min=(X=280.000 Y=1760.000 Z=100.013), Max=(X=360.000 Y=1840.000 Z=284.013) RuntimeGrid:None EditorOnly:0 RuntimeOnly:0 HLODRelevant:0 ListedInSceneOutliner:1 IsMainWorldOnly:0
 |   |   |- [+] [  1]
 |   |   |   |- Guid:0661BE704EBAD689F681B78F3C4A2E31 BaseClass: NativeClass:/Script/Engine.StaticMeshActor Name:StaticMeshActor_UAID_0C9D9218A95E031902_1572100437 Label:Cube13 SpatiallyLoaded:1 Bounds:IsValid=true, Min=(X=3062.500 Y=-3790.000 Z=2505.000), Max=(X=3937.500 Y=-3690.000 Z=2555.000) RuntimeGrid:None EditorOnly:0 RuntimeOnly:0 HLODRelevant:0 ListedInSceneOutliner:1 IsMainWorldOnly:0 Parent:C19D263F4915EA420B302F9EB4BE1847
 |   |   |   |- Guid:09A0E4D041854F8419E6C19FB3DA9247 BaseClass: NativeClass:/Script/Engine.StaticMeshActor Name:StaticMeshActor_UAID_0C9D9218A95E031902_1663653442 Label:Cube16 SpatiallyLoaded:1 Bounds:IsValid=true, Min=(X=3062.500 Y=-3790.000 Z=2545.000), Max=(X=3937.500 Y=-3690.000 Z=2595.000) RuntimeGrid:None EditorOnly:0 RuntimeOnly:0 HLODRelevant:0 ListedInSceneOutliner:1 IsMainWorldOnly:0 Parent:C19D263F4915EA420B302F9EB4BE1847
 |   |   |   |- Guid:42A0F0E44254889B18D49FBFF53BDDFA BaseClass: NativeClass:/Script/Engine.StaticMeshActor Name:StaticMeshActor_UAID_0C9D9218A95E031902_1548098429 Label:Cube5 SpatiallyLoaded:1 Bounds:IsValid=true, Min=(X=3062.500 Y=-3690.000 Z=2465.000), Max=(X=3937.500 Y=-3590.000 Z=2515.000) RuntimeGrid:None EditorOnly:0 RuntimeOnly:0 HLODRelevant:0 ListedInSceneOutliner:1 IsMainWorldOnly:0 Parent:C19D263F4915EA420B302F9EB4BE1847
 |   |   |   |- Guid:447AC4D643D9D3DB8AE41398A3C54801 BaseClass: NativeClass:/Script/Engine.StaticMeshActor Name:StaticMeshActor_UAID_0C9D9218A95E031902_1572098436 Label:Cube12 SpatiallyLoaded:1 Bounds:IsValid=true, Min=(X=3062.500 Y=-3690.000 Z=2505.000), Max=(X=3937.500 Y=-3590.000 Z=2555.000) RuntimeGrid:None EditorOnly:0 RuntimeOnly:0 HLODRelevant:0 ListedInSceneOutliner:1 IsMainWorldOnly:0 Parent:C19D263F4915EA420B302F9EB4BE1847
 |   |   |   |- Guid:648A3CA74873BFF7CE23CDB7B8A6AB24 BaseClass: NativeClass:/Script/Engine.StaticMeshActor Name:StaticMeshActor_UAID_0C9D9218A95E031902_1518733426 Label:Cube2 SpatiallyLoaded:1 Bounds:IsValid=true, Min=(X=3062.500 Y=-3390.000 Z=2465.000), Max=(X=3937.500 Y=-3290.000 Z=2515.000) RuntimeGrid:None EditorOnly:0 RuntimeOnly:0 HLODRelevant:0 ListedInSceneOutliner:1 IsMainWorldOnly:0 Parent:C19D263F4915EA420B302F9EB4BE1847
 |   |   |   |- Guid:869B1A374968CC2679C9408EF59B837E BaseClass: NativeClass:/Script/Engine.StaticMeshActor Name:StaticMeshActor_UAID_0C9D9218A95E031902_1542004427 Label:Cube3 SpatiallyLoaded:1 Bounds:IsValid=true, Min=(X=3062.500 Y=-3490.000 Z=2465.000), Max=(X=3937.500 Y=-3390.000 Z=2515.000) RuntimeGrid:None EditorOnly:0 RuntimeOnly:0 HLODRelevant:0 ListedInSceneOutliner:1 IsMainWorldOnly:0 Parent:C19D263F4915EA420B302F9EB4BE1847
 |   |   |   |- Guid:8892FC1B4919AD213A9628A757F7FCBB BaseClass: NativeClass:/Script/Engine.StaticMeshActor Name:StaticMeshActor_UAID_0C9D9218A95E031902_1567456433 Label:Cube9 SpatiallyLoaded:1 Bounds:IsValid=true, Min=(X=3062.500 Y=-3690.000 Z=2485.000), Max=(X=3937.500 Y=-3590.000 Z=2535.000) RuntimeGrid:None EditorOnly:0 RuntimeOnly:0 HLODRelevant:0 ListedInSceneOutliner:1 IsMainWorldOnly:0 Parent:C19D263F4915EA420B302F9EB4BE1847
 |   |   |   |- Guid:C19D263F4915EA420B302F9EB4BE1847 BaseClass: NativeClass:/Script/Engine.StaticMeshActor Name:StaticMeshActor_UAID_0C9D9218A95E031902_1247247424 Label:emptybox SpatiallyLoaded:1 Bounds:IsValid=true, Min=(X=416.141 Y=-4147.101 Z=1880.758), Max=(X=6717.441 Y=3931.166 Z=6736.821) RuntimeGrid:None EditorOnly:0 RuntimeOnly:0 HLODRelevant:0 ListedInSceneOutliner:1 IsMainWorldOnly:0
 |   |   |   |- Guid:CF88EDA7402F8E3F217335AA7996D7FA BaseClass: NativeClass:/Script/Engine.StaticMeshActor Name:StaticMeshActor_UAID_0C9D9218A95E031902_1549662430 Label:Cube6 SpatiallyLoaded:1 Bounds:IsValid=true, Min=(X=3062.500 Y=-3790.000 Z=2465.000), Max=(X=3937.500 Y=-3690.000 Z=2515.000) RuntimeGrid:None EditorOnly:0 RuntimeOnly:0 HLODRelevant:0 ListedInSceneOutliner:1 IsMainWorldOnly:0 Parent:C19D263F4915EA420B302F9EB4BE1847
 |   |   |   |- Guid:D0CFDE7A48AAC980BF92AD9AFADD6BDF BaseClass: NativeClass:/Script/Engine.StaticMeshActor Name:StaticMeshActor_UAID_0C9D9218A95E031902_1567457434 Label:Cube10 SpatiallyLoaded:1 Bounds:IsValid=true, Min=(X=3062.500 Y=-3790.000 Z=2485.000), Max=(X=3937.500 Y=-3690.000 Z=2535.000) RuntimeGrid:None EditorOnly:0 RuntimeOnly:0 HLODRelevant:0 ListedInSceneOutliner:1 IsMainWorldOnly:0 Parent:C19D263F4915EA420B302F9EB4BE1847
 |   |   |   |- Guid:D96BDF1149834D917F176E96B79403A8 BaseClass: NativeClass:/Script/Engine.StaticMeshActor Name:StaticMeshActor_UAID_0C9D9218A95E031902_1545984428 Label:Cube4 SpatiallyLoaded:1 Bounds:IsValid=true, Min=(X=3062.500 Y=-3590.000 Z=2465.000), Max=(X=3937.500 Y=-3490.000 Z=2515.000) RuntimeGrid:None EditorOnly:0 RuntimeOnly:0 HLODRelevant:0 ListedInSceneOutliner:1 IsMainWorldOnly:0 Parent:C19D263F4915EA420B302F9EB4BE1847
 |   |   |   |- Guid:DEF34DE14021ADA1B66365A32ACC7FB4 BaseClass: NativeClass:/Script/Engine.StaticMeshActor Name:StaticMeshActor_UAID_0C9D9218A95E031902_1567451431 Label:Cube7 SpatiallyLoaded:1 Bounds:IsValid=true, Min=(X=3062.500 Y=-3490.000 Z=2485.000), Max=(X=3937.500 Y=-3390.000 Z=2535.000) RuntimeGrid:None EditorOnly:0 RuntimeOnly:0 HLODRelevant:0 ListedInSceneOutliner:1 IsMainWorldOnly:0 Parent:C19D263F4915EA420B302F9EB4BE1847
 |   |   |   |- Guid:EB105AD84E5784D6E5A1918C72A3898D BaseClass: NativeClass:/Script/Engine.StaticMeshActor Name:StaticMeshActor_UAID_0C9D9218A95E031902_1572094435 Label:Cube11 SpatiallyLoaded:1 Bounds:IsValid=true, Min=(X=3062.500 Y=-3590.000 Z=2505.000), Max=(X=3937.500 Y=-3490.000 Z=2555.000) RuntimeGrid:None EditorOnly:0 RuntimeOnly:0 HLODRelevant:0 ListedInSceneOutliner:1 IsMainWorldOnly:0 Parent:C19D263F4915EA420B302F9EB4BE1847
 |   |   |   |- Guid:EEBA09F54C1849D5613BF4AA0C52627B BaseClass: NativeClass:/Script/Engine.StaticMeshActor Name:StaticMeshActor_UAID_0C9D9218A95E031902_1580651440 Label:Cube15 SpatiallyLoaded:1 Bounds:IsValid=true, Min=(X=3062.500 Y=-3790.000 Z=2525.000), Max=(X=3937.500 Y=-3690.000 Z=2575.000) RuntimeGrid:None EditorOnly:0 RuntimeOnly:0 HLODRelevant:0 ListedInSceneOutliner:1 IsMainWorldOnly:0 Parent:C19D263F4915EA420B302F9EB4BE1847
 |   |   |   |- Guid:FAD609F2401E2C503BB4BB8C8CC5610B BaseClass: NativeClass:/Script/Engine.StaticMeshActor Name:StaticMeshActor_UAID_0C9D9218A95E031902_1580649439 Label:Cube14 SpatiallyLoaded:1 Bounds:IsValid=true, Min=(X=3062.500 Y=-3690.000 Z=2525.000), Max=(X=3937.500 Y=-3590.000 Z=2575.000) RuntimeGrid:None EditorOnly:0 RuntimeOnly:0 HLODRelevant:0 ListedInSceneOutliner:1 IsMainWorldOnly:0 Parent:C19D263F4915EA420B302F9EB4BE1847
 |   |   |   |- Guid:FC87BB7E473CBA2AE45B9E81C4E75410 BaseClass: NativeClass:/Script/Engine.StaticMeshActor Name:StaticMeshActor_UAID_0C9D9218A95E031902_1567454432 Label:Cube8 SpatiallyLoaded:1 Bounds:IsValid=true, Min=(X=3062.500 Y=-3590.000 Z=2485.000), Max=(X=3937.500 Y=-3490.000 Z=2535.000) RuntimeGrid:None EditorOnly:0 RuntimeOnly:0 HLODRelevant:0 ListedInSceneOutliner:1 IsMainWorldOnly:0 Parent:C19D263F4915EA420B302F9EB4BE1847
 |   |   |- [+] [  2]
 |   |   |   |- Guid:2086AB3847E1D1A3B8D72C8F55154707 BaseClass: NativeClass:/Script/Engine.SkyAtmosphere Name:SkyAtmosphere_0 Label:SkyAtmosphere SpatiallyLoaded:0 Bounds:IsValid=true, Min=(X=0.000 Y=0.000 Z=1020.000), Max=(X=0.000 Y=0.000 Z=1020.000) RuntimeGrid:None EditorOnly:0 RuntimeOnly:0 HLODRelevant:0 ListedInSceneOutliner:1 IsMainWorldOnly:0 FolderPath:Lighting FolderGuid:963EC3EB4002CCE9759E2EBA541A873A
 |   |   |- [+] [  3]
 |   |   |   |- Guid:282F7B6B4479F0B190E07FA740FA5E19 BaseClass: NativeClass:/Script/Engine.SkyLight Name:SkyLight_1 Label:SkyLight SpatiallyLoaded:0 Bounds:IsValid=true, Min=(X=0.000 Y=0.000 Z=1880.000), Max=(X=0.000 Y=0.000 Z=1880.000) RuntimeGrid:None EditorOnly:0 RuntimeOnly:0 HLODRelevant:0 ListedInSceneOutliner:1 IsMainWorldOnly:0 FolderPath:Lighting FolderGuid:963EC3EB4002CCE9759E2EBA541A873A
 |   |   |- [+] [  4]
 |   |   |   |- Guid:47ECF7D7445E8B6C7653779E1484E108 BaseClass: NativeClass:/Script/Engine.ExponentialHeightFog Name:ExponentialHeightFog_0 Label:ExponentialHeightFog SpatiallyLoaded:0 Bounds:IsValid=true, Min=(X=-5600.000 Y=-50.000 Z=-6850.000), Max=(X=-5600.000 Y=-50.000 Z=-6850.000) RuntimeGrid:None EditorOnly:0 RuntimeOnly:0 HLODRelevant:0 ListedInSceneOutliner:1 IsMainWorldOnly:0 FolderPath:Lighting FolderGuid:963EC3EB4002CCE9759E2EBA541A873A
 |   |   |- [+] [  5]
 |   |   |   |- Guid:5A85954A40F50E7895471B95299D5DD1 BaseClass: NativeClass:/Script/Engine.WorldDataLayers Name:WorldDataLayers Label:WorldDataLayers SpatiallyLoaded:0 Bounds:Invalid RuntimeGrid:None EditorOnly:0 RuntimeOnly:0 HLODRelevant:0 ListedInSceneOutliner:1 IsMainWorldOnly:1
 |   |   |- [+] [  6]
 |   |   |   |- Guid:69B7D3A34189D7874692C194AE058732 BaseClass: NativeClass:/Script/Engine.DirectionalLight Name:DirectionalLight_0 Label:DirectionalLight SpatiallyLoaded:0 Bounds:Invalid RuntimeGrid:None EditorOnly:0 RuntimeOnly:0 HLODRelevant:0 ListedInSceneOutliner:1 IsMainWorldOnly:0 FolderPath:Lighting FolderGuid:963EC3EB4002CCE9759E2EBA541A873A
 |   |   |- [+] [  7]
 |   |   |   |- Guid:AA856A37459F1E49AB48D98EA0C61049 BaseClass: NativeClass:/Script/Engine.StaticMeshActor Name:StaticMeshActor_UAID_0C9D9218A95E031902_1436182425 Label:Cube SpatiallyLoaded:1 Bounds:IsValid=true, Min=(X=3082.500 Y=-3852.500 Z=2390.000), Max=(X=3957.500 Y=3372.500 Z=2490.000) RuntimeGrid:None EditorOnly:0 RuntimeOnly:0 HLODRelevant:1 ListedInSceneOutliner:1 IsMainWorldOnly:0
 |   |   |- [+] [  8]
 |   |   |   |- Guid:C33288644B1C7262947AC198C9E01193 BaseClass: NativeClass:/Script/Engine.StaticMeshActor Name:StaticMeshActor_UAID_A4AE111137DC5EFB00_1110535423 Label:SM_SkySphere SpatiallyLoaded:0 Bounds:IsValid=true, Min=(X=-1643291.208 Y=-1638400.000 Z=-1638400.000), Max=(X=1633508.792 Y=1638400.000 Z=1638400.000) RuntimeGrid:None EditorOnly:0 RuntimeOnly:0 HLODRelevant:0 ListedInSceneOutliner:1 IsMainWorldOnly:0 FolderPath:Lighting FolderGuid:963EC3EB4002CCE9759E2EBA541A873A
 |   |   |- [+] [  9]
 |   |   |   |- Guid:D9EC99644E8EB2B663FD0D860AF268EE BaseClass: NativeClass:/Script/Engine.PostProcessVolume Name:PostProcessVolume_0 Label:PostProcessVolume SpatiallyLoaded:0 Bounds:IsValid=true, Min=(X=0.000 Y=0.000 Z=400.000), Max=(X=200.000 Y=200.000 Z=600.000) RuntimeGrid:None EditorOnly:0 RuntimeOnly:0 HLODRelevant:0 ListedInSceneOutliner:1 IsMainWorldOnly:0 FolderPath:Lighting FolderGuid:963EC3EB4002CCE9759E2EBA541A873A
 |   |   |- [+] [ 10]
 |   |   |   |- Guid:FFD2DB724ABA07FEDC089C885CF3857F BaseClass: NativeClass:/Script/Engine.VolumetricCloud Name:VolumetricCloud_0 Label:VolumetricCloud SpatiallyLoaded:0 Bounds:IsValid=true, Min=(X=0.000 Y=0.000 Z=820.000), Max=(X=0.000 Y=0.000 Z=820.000) RuntimeGrid:None EditorOnly:0 RuntimeOnly:0 HLODRelevant:0 ListedInSceneOutliner:1 IsMainWorldOnly:0 FolderPath:Lighting FolderGuid:963EC3EB4002CCE9759E2EBA541A873A
 |- ContainerInstances:
 |- [+] MainContainer:
 |   |-        ID: 00000000000000000000000000000000
 |   |-  ParentID: 00000000000000000000000000000000
 |   |-    Bounds: IsValid=false, Min=(X=0.000 Y=0.000 Z=0.000), Max=(X=0.000 Y=0.000 Z=0.000)
 |   |- Transform: 0.000000,0.000000,0.000000|0.000000,0.000000,-0.000000|1.000000,1.000000,1.000000
 |   |- Container: /Game/mihoyogame_demo
----------------------------------------------------------------------------------------------------------------
mihoyogame_demo - Persistent Level
----------------------------------------------------------------------------------------------------------------
[+] Content of mihoyogame_demo Persistent Level
 |- Always loaded Actor Count: 26 
 |- Actor Path: /Game/mihoyogame_demo.mihoyogame_demo:PersistentLevel.DirectionalLight_0
 |- Actor Package: /Game/__ExternalActors__/mihoyogame_demo/8/O0/763FR7JKWDZBQ0SNNVMUPB
 |- Actor Path: /Game/mihoyogame_demo.mihoyogame_demo:PersistentLevel.ExponentialHeightFog_0
 |- Actor Package: /Game/__ExternalActors__/mihoyogame_demo/0/M6/2EJX93828KQKWEOSMRABZZ
 |- Actor Path: /Game/mihoyogame_demo.mihoyogame_demo:PersistentLevel.PlayerStart_0
 |- Actor Package: /Game/__ExternalActors__/mihoyogame_demo/A/XD/1Q1RSLEWHA881JEVJC0WU1
 |- Actor Path: /Game/mihoyogame_demo.mihoyogame_demo:PersistentLevel.PostProcessVolume_0
 |- Actor Package: /Game/__ExternalActors__/mihoyogame_demo/6/CU/WKON5E54MWBYCSS2V0TDJG
 |- Actor Path: /Game/mihoyogame_demo.mihoyogame_demo:PersistentLevel.SkyAtmosphere_0
 |- Actor Package: /Game/__ExternalActors__/mihoyogame_demo/1/NG/06CNQ7APUVN9D7D2NFQ320
 |- Actor Path: /Game/mihoyogame_demo.mihoyogame_demo:PersistentLevel.SkyLight_1
 |- Actor Package: /Game/__ExternalActors__/mihoyogame_demo/A/21/3DMCHNFP8Y5116K7VR5Y56
 |- Actor Path: /Game/mihoyogame_demo.mihoyogame_demo:PersistentLevel.StaticMeshActor_UAID_0C9D9218A95E031902_1247247424
 |- Actor Package: /Game/__ExternalActors__/mihoyogame_demo/5/WS/M81AJ2J5PU2G8G4D0IV2JB
 |- Actor Path: /Game/mihoyogame_demo.mihoyogame_demo:PersistentLevel.StaticMeshActor_UAID_0C9D9218A95E031902_1436182425
 |- Actor Package: /Game/__ExternalActors__/mihoyogame_demo/1/TV/TLB7PETHSCLMCHSAOX3QWW
 |- Actor Path: /Game/mihoyogame_demo.mihoyogame_demo:PersistentLevel.StaticMeshActor_UAID_0C9D9218A95E031902_1518733426
 |- Actor Package: /Game/__ExternalActors__/mihoyogame_demo/A/X9/TAQNM4HKW9OCYH3XWEZ2M7
 |- Actor Path: /Game/mihoyogame_demo.mihoyogame_demo:PersistentLevel.StaticMeshActor_UAID_0C9D9218A95E031902_1542004427
 |- Actor Package: /Game/__ExternalActors__/mihoyogame_demo/0/SB/S61IILKX4W4KGY5GSABTUQ
 |- Actor Path: /Game/mihoyogame_demo.mihoyogame_demo:PersistentLevel.StaticMeshActor_UAID_0C9D9218A95E031902_1545984428
 |- Actor Package: /Game/__ExternalActors__/mihoyogame_demo/6/BK/A7ZQP7EZP8Y9ZYCB03RLH4
 |- Actor Path: /Game/mihoyogame_demo.mihoyogame_demo:PersistentLevel.StaticMeshActor_UAID_0C9D9218A95E031902_1548098429
 |- Actor Package: /Game/__ExternalActors__/mihoyogame_demo/C/PM/O4UNS2DEVRYA18PWXGHRX2
 |- Actor Path: /Game/mihoyogame_demo.mihoyogame_demo:PersistentLevel.StaticMeshActor_UAID_0C9D9218A95E031902_1549662430
 |- Actor Package: /Game/__ExternalActors__/mihoyogame_demo/9/V8/1OROQISDTI7QJU14X4WSQI
 |- Actor Path: /Game/mihoyogame_demo.mihoyogame_demo:PersistentLevel.StaticMeshActor_UAID_0C9D9218A95E031902_1567451431
 |- Actor Package: /Game/__ExternalActors__/mihoyogame_demo/A/KP/DZGK92WWDR77J38ZTXCVY0
 |- Actor Path: /Game/mihoyogame_demo.mihoyogame_demo:PersistentLevel.StaticMeshActor_UAID_0C9D9218A95E031902_1567454432
 |- Actor Package: /Game/__ExternalActors__/mihoyogame_demo/0/2F/UX7W7KAGZID9BPUPOT4QVP
 |- Actor Path: /Game/mihoyogame_demo.mihoyogame_demo:PersistentLevel.StaticMeshActor_UAID_0C9D9218A95E031902_1567456433
 |- Actor Package: /Game/__ExternalActors__/mihoyogame_demo/C/HO/CAQVRV71CDFJA91OHH1XAU
 |- Actor Path: /Game/mihoyogame_demo.mihoyogame_demo:PersistentLevel.StaticMeshActor_UAID_0C9D9218A95E031902_1567457434
 |- Actor Package: /Game/__ExternalActors__/mihoyogame_demo/A/09/US8EAJD85DCZ3AOPYGFBX4
 |- Actor Path: /Game/mihoyogame_demo.mihoyogame_demo:PersistentLevel.StaticMeshActor_UAID_0C9D9218A95E031902_1572094435
 |- Actor Package: /Game/__ExternalActors__/mihoyogame_demo/6/C0/5DFY59XPHXTJ93DGONXLQB
 |- Actor Path: /Game/mihoyogame_demo.mihoyogame_demo:PersistentLevel.StaticMeshActor_UAID_0C9D9218A95E031902_1572098436
 |- Actor Package: /Game/__ExternalActors__/mihoyogame_demo/7/ZU/Z2V01O1IM0KRDUSBFGBNSN
 |- Actor Path: /Game/mihoyogame_demo.mihoyogame_demo:PersistentLevel.StaticMeshActor_UAID_0C9D9218A95E031902_1572100437
 |- Actor Package: /Game/__ExternalActors__/mihoyogame_demo/B/CG/Q58V5DJUFJ9ZQGKJ03FLLE
 |- Actor Path: /Game/mihoyogame_demo.mihoyogame_demo:PersistentLevel.StaticMeshActor_UAID_0C9D9218A95E031902_1580649439
 |- Actor Package: /Game/__ExternalActors__/mihoyogame_demo/1/JD/1C5RAHACO3M621QSVBLI1Z
 |- Actor Path: /Game/mihoyogame_demo.mihoyogame_demo:PersistentLevel.StaticMeshActor_UAID_0C9D9218A95E031902_1580651440
 |- Actor Package: /Game/__ExternalActors__/mihoyogame_demo/3/TL/N23TFCM3U2FPCDYSMXK4DU
 |- Actor Path: /Game/mihoyogame_demo.mihoyogame_demo:PersistentLevel.StaticMeshActor_UAID_0C9D9218A95E031902_1663653442
 |- Actor Package: /Game/__ExternalActors__/mihoyogame_demo/4/LX/V8Y6IG3BRHY4M3GQUHSWNN
 |- Actor Path: /Game/mihoyogame_demo.mihoyogame_demo:PersistentLevel.StaticMeshActor_UAID_A4AE111137DC5EFB00_1110535423
 |- Actor Package: /Game/__ExternalActors__/mihoyogame_demo/3/CJ/GSHWVD3W7D99YKYBB1V4BS
 |- Actor Path: /Game/mihoyogame_demo.mihoyogame_demo:PersistentLevel.VolumetricCloud_0
 |- Actor Package: /Game/__ExternalActors__/mihoyogame_demo/E/7Q/7O977JM5RTZEL8GR1PYEYY
 |- Actor Path: /Game/mihoyogame_demo.mihoyogame_demo:PersistentLevel.WorldDataLayers
 |- Actor Package: /Game/__ExternalActors__/mihoyogame_demo/E/17/OVHFU3CETX9A93GGK9VQV7

----------------------------------------------------------------------------------------------------------------
mihoyogame_demo - Runtime Hash Set
----------------------------------------------------------------------------------------------------------------

